<?xml version="1.0" encoding="UTF-8"?>
<testsuite xmlns:xsi="http://www.w3.org/2001/XMLSchema-instance" xsi:noNamespaceSchemaLocation="https://maven.apache.org/surefire/maven-surefire-plugin/xsd/surefire-test-report-3.0.xsd" version="3.0" name="atsToken.ATSTokenContractTest" time="8.36" tests="24" errors="0" skipped="0" failures="0">
  <properties>
[...]
</properties>
  <testcase name="testOperatorSend2" classname="atsToken.ATSTokenContractTest" time="1.521"/>
  <testcase name="testBurn1" classname="atsToken.ATSTokenContractTest" time="0.67"/>
  <testcase name="testBurn2" classname="atsToken.ATSTokenContractTest" time="0.361"/>
  <testcase name="testSend1" classname="atsToken.ATSTokenContractTest" time="0.233"/>
  <testcase name="testSend2" classname="atsToken.ATSTokenContractTest" time="0.36"/>
  <testcase name="testSend3" classname="atsToken.ATSTokenContractTest" time="0.399"/>
  <testcase name="testSend4" classname="atsToken.ATSTokenContractTest" time="0.201"/>
  <testcase name="testSend5" classname="atsToken.ATSTokenContractTest" time="0.326"/>
  <testcase name="testRevokeOperator1" classname="atsToken.ATSTokenContractTest" time="0.323"/>
  <testcase name="testRevokeOperator2" classname="atsToken.ATSTokenContractTest" time="0.15"/>
  <testcase name="testRevokeOperator3" classname="atsToken.ATSTokenContractTest" time="0.224"/>
  <testcase name="testRevokeOperator4" classname="atsToken.ATSTokenContractTest" time="0.224"/>
  <testcase name="testRevokeOperator5" classname="atsToken.ATSTokenContractTest" time="0.329"/>
  <testcase name="testRevokeOperator6" classname="atsToken.ATSTokenContractTest" time="0.272"/>
  <testcase name="testRevokeOperator7" classname="atsToken.ATSTokenContractTest" time="0.313"/>
  <testcase name="testIsOperatorFor" classname="atsToken.ATSTokenContractTest" time="0.158"/>
  <testcase name="testInitialization" classname="atsToken.ATSTokenContractTest" time="0.256"/>
  <testcase name="testOperatorSend" classname="atsToken.ATSTokenContractTest" time="0.208"/>
  <testcase name="testAutorizeOperator1" classname="atsToken.ATSTokenContractTest" time="0.272"/>
  <testcase name="testAutorizeOperator2" classname="atsToken.ATSTokenContractTest" time="0.395"/>
  <testcase name="testAutorizeOperator3" classname="atsToken.ATSTokenContractTest" time="0.319"/>
  <testcase name="testAutorizeOperator4" classname="atsToken.ATSTokenContractTest" time="0.316"/>
  <testcase name="testAutorizeOperator5" classname="atsToken.ATSTokenContractTest" time="0.342"/>
  <testcase name="testGetBalanceOfNone" classname="atsToken.ATSTokenContractTest" time="0.168"/>
</testsuite>