<?xml version="1.0" encoding="UTF-8"?>
<testsuite xmlns:xsi="http://www.w3.org/2001/XMLSchema-instance" xsi:noNamespaceSchemaLocation="https://maven.apache.org/surefire/maven-surefire-plugin/xsd/surefire-test-report-3.0.xsd" version="3.0" name="atsToken.ATSTokenContractTest" time="6.791" tests="24" errors="0" skipped="0" failures="0">
  <properties>
[...]
</properties>
  <testcase name="testOperatorSend2" classname="atsToken.ATSTokenContractTest" time="1.36"/>
  <testcase name="testBurn1" classname="atsToken.ATSTokenContractTest" time="0.443"/>
  <testcase name="testBurn2" classname="atsToken.ATSTokenContractTest" time="0.292"/>
  <testcase name="testSend1" classname="atsToken.ATSTokenContractTest" time="0.261"/>
  <testcase name="testSend2" classname="atsToken.ATSTokenContractTest" time="0.335"/>
  <testcase name="testSend3" classname="atsToken.ATSTokenContractTest" time="0.343"/>
  <testcase name="testSend4" classname="atsToken.ATSTokenContractTest" time="0.231"/>
  <testcase name="testSend5" classname="atsToken.ATSTokenContractTest" time="0.255"/>
  <testcase name="testRevokeOperator1" classname="atsToken.ATSTokenContractTest" time="0.356"/>
  <testcase name="testRevokeOperator2" classname="atsToken.ATSTokenContractTest" time="0.208"/>
  <testcase name="testRevokeOperator3" classname="atsToken.ATSTokenContractTest" time="0.269"/>
  <testcase name="testRevokeOperator4" classname="atsToken.ATSTokenContractTest" time="0.183"/>
  <testcase name="testRevokeOperator5" classname="atsToken.ATSTokenContractTest" time="0.222"/>
  <testcase name="testRevokeOperator6" classname="atsToken.ATSTokenContractTest" time="0.24"/>
  <testcase name="testRevokeOperator7" classname="atsToken.ATSTokenContractTest" time="0.207"/>
  <testcase name="testIsOperatorFor" classname="atsToken.ATSTokenContractTest" time="0.176"/>
  <testcase name="testInitialization" classname="atsToken.ATSTokenContractTest" time="0.199"/>
  <testcase name="testOperatorSend" classname="atsToken.ATSTokenContractTest" time="0.218"/>
  <testcase name="testAutorizeOperator1" classname="atsToken.ATSTokenContractTest" time="0.15"/>
  <testcase name="testAutorizeOperator2" classname="atsToken.ATSTokenContractTest" time="0.144"/>
  <testcase name="testAutorizeOperator3" classname="atsToken.ATSTokenContractTest" time="0.166"/>
  <testcase name="testAutorizeOperator4" classname="atsToken.ATSTokenContractTest" time="0.135"/>
  <testcase name="testAutorizeOperator5" classname="atsToken.ATSTokenContractTest" time="0.145"/>
  <testcase name="testGetBalanceOfNone" classname="atsToken.ATSTokenContractTest" time="0.232"/>
</testsuite>