<?xml version="1.0" encoding="UTF-8"?>
<testsuite xmlns:xsi="http://www.w3.org/2001/XMLSchema-instance" xsi:noNamespaceSchemaLocation="https://maven.apache.org/surefire/maven-surefire-plugin/xsd/surefire-test-report-3.0.xsd" version="3.0" name="aion.ATSTokenContractTest" time="14.652" tests="25" errors="6" skipped="0" failures="0">
  <properties>
[...]
</properties>
  <testcase name="testOperatorSend2" classname="aion.ATSTokenContractTest" time="2.95"/>
  <testcase name="testBurn1" classname="aion.ATSTokenContractTest" time="0.789"/>
  <testcase name="testBurn2" classname="aion.ATSTokenContractTest" time="0.867"/>
  <testcase name="testSend1" classname="aion.ATSTokenContractTest" time="0.883"/>
  <testcase name="testSend2" classname="aion.ATSTokenContractTest" time="0.757"/>
  <testcase name="testSend3" classname="aion.ATSTokenContractTest" time="0.998"/>
  <testcase name="testSend4" classname="aion.ATSTokenContractTest" time="0.758"/>
  <testcase name="testSend5" classname="aion.ATSTokenContractTest" time="0.628"/>
  <testcase name="testRevokeOperator1" classname="aion.ATSTokenContractTest" time="0.468"/>
  <testcase name="testRevokeOperator2" classname="aion.ATSTokenContractTest" time="0.402"/>
  <testcase name="testRevokeOperator3" classname="aion.ATSTokenContractTest" time="0.756"/>
  <testcase name="testRevokeOperator4" classname="aion.ATSTokenContractTest" time="0.732"/>
  <testcase name="testRevokeOperator5" classname="aion.ATSTokenContractTest" time="0.603"/>
  <testcase name="testRevokeOperator6" classname="aion.ATSTokenContractTest" time="0.626"/>
  <testcase name="testRevokeOperator7" classname="aion.ATSTokenContractTest" time="0.514"/>
  <testcase name="testLiquidSupply" classname="aion.ATSTokenContractTest" time="0.441"/>
  <testcase name="testIsOperatorFor" classname="aion.ATSTokenContractTest" time="0.256"/>
  <testcase name="testInitialization" classname="aion.ATSTokenContractTest" time="0.338"/>
  <testcase name="testOperatorSend" classname="aion.ATSTokenContractTest" time="0.569"/>
  <testcase name="testAutorizeOperator1" classname="aion.ATSTokenContractTest" time="0.057">
    <error message="Statement MUST be true" type="i.RuntimeAssertionError">i.RuntimeAssertionError: Statement MUST be true
	at aion.ATSTokenContractTest.deployDapp(ATSTokenContractTest.java:44)
</error>
  </testcase>
  <testcase name="testAutorizeOperator2" classname="aion.ATSTokenContractTest" time="0.054">
    <error message="Statement MUST be true" type="i.RuntimeAssertionError">i.RuntimeAssertionError: Statement MUST be true
	at aion.ATSTokenContractTest.deployDapp(ATSTokenContractTest.java:44)
</error>
  </testcase>
  <testcase name="testAutorizeOperator3" classname="aion.ATSTokenContractTest" time="0.049">
    <error message="Statement MUST be true" type="i.RuntimeAssertionError">i.RuntimeAssertionError: Statement MUST be true
	at aion.ATSTokenContractTest.deployDapp(ATSTokenContractTest.java:44)
</error>
  </testcase>
  <testcase name="testAutorizeOperator4" classname="aion.ATSTokenContractTest" time="0.046">
    <error message="Statement MUST be true" type="i.RuntimeAssertionError">i.RuntimeAssertionError: Statement MUST be true
	at aion.ATSTokenContractTest.deployDapp(ATSTokenContractTest.java:44)
</error>
  </testcase>
  <testcase name="testAutorizeOperator5" classname="aion.ATSTokenContractTest" time="0.024">
    <error message="Statement MUST be true" type="i.RuntimeAssertionError">i.RuntimeAssertionError: Statement MUST be true
	at aion.ATSTokenContractTest.deployDapp(ATSTokenContractTest.java:44)
</error>
  </testcase>
  <testcase name="testGetBalanceOfNone" classname="aion.ATSTokenContractTest" time="0.046">
    <error message="Statement MUST be true" type="i.RuntimeAssertionError">i.RuntimeAssertionError: Statement MUST be true
	at aion.ATSTokenContractTest.deployDapp(ATSTokenContractTest.java:44)
</error>
  </testcase>
</testsuite>