<?xml version="1.0" encoding="UTF-8"?>
<testsuite xmlns:xsi="http://www.w3.org/2001/XMLSchema-instance" xsi:noNamespaceSchemaLocation="https://maven.apache.org/surefire/maven-surefire-plugin/xsd/surefire-test-report-3.0.xsd" version="3.0" name="org.aion.ATSTokenContractTest" time="6.017" tests="24" errors="0" skipped="0" failures="0">
  <properties>
[...]
</properties>
  <testcase name="testOperatorSend2" classname="org.aion.ATSTokenContractTest" time="1.128"/>
  <testcase name="testBurn1" classname="org.aion.ATSTokenContractTest" time="0.348"/>
  <testcase name="testBurn2" classname="org.aion.ATSTokenContractTest" time="0.299"/>
  <testcase name="testSend1" classname="org.aion.ATSTokenContractTest" time="0.275"/>
  <testcase name="testSend2" classname="org.aion.ATSTokenContractTest" time="0.332"/>
  <testcase name="testSend3" classname="org.aion.ATSTokenContractTest" time="0.346"/>
  <testcase name="testSend4" classname="org.aion.ATSTokenContractTest" time="0.179"/>
  <testcase name="testSend5" classname="org.aion.ATSTokenContractTest" time="0.304"/>
  <testcase name="testRevokeOperator1" classname="org.aion.ATSTokenContractTest" time="0.245"/>
  <testcase name="testRevokeOperator2" classname="org.aion.ATSTokenContractTest" time="0.152"/>
  <testcase name="testRevokeOperator3" classname="org.aion.ATSTokenContractTest" time="0.183"/>
  <testcase name="testRevokeOperator4" classname="org.aion.ATSTokenContractTest" time="0.207"/>
  <testcase name="testRevokeOperator5" classname="org.aion.ATSTokenContractTest" time="0.226"/>
  <testcase name="testRevokeOperator6" classname="org.aion.ATSTokenContractTest" time="0.239"/>
  <testcase name="testRevokeOperator7" classname="org.aion.ATSTokenContractTest" time="0.165"/>
  <testcase name="testIsOperatorFor" classname="org.aion.ATSTokenContractTest" time="0.151"/>
  <testcase name="testInitialization" classname="org.aion.ATSTokenContractTest" time="0.185"/>
  <testcase name="testOperatorSend" classname="org.aion.ATSTokenContractTest" time="0.15"/>
  <testcase name="testAutorizeOperator1" classname="org.aion.ATSTokenContractTest" time="0.133"/>
  <testcase name="testAutorizeOperator2" classname="org.aion.ATSTokenContractTest" time="0.148"/>
  <testcase name="testAutorizeOperator3" classname="org.aion.ATSTokenContractTest" time="0.125"/>
  <testcase name="testAutorizeOperator4" classname="org.aion.ATSTokenContractTest" time="0.191"/>
  <testcase name="testAutorizeOperator5" classname="org.aion.ATSTokenContractTest" time="0.165"/>
  <testcase name="testGetBalanceOfNone" classname="org.aion.ATSTokenContractTest" time="0.109"/>
</testsuite>