<?xml version="1.0" encoding="UTF-8"?>
<testsuite xmlns:xsi="http://www.w3.org/2001/XMLSchema-instance" xsi:noNamespaceSchemaLocation="https://maven.apache.org/surefire/maven-surefire-plugin/xsd/surefire-test-report-3.0.xsd" version="3.0" name="org.aion.AIP041TokenContractTest" time="5.724" tests="29" errors="0" skipped="0" failures="0">
  <properties>
[...]
</properties>
  <testcase name="testBurnWrongGranularity" classname="org.aion.AIP041TokenContractTest" time="1.077"/>
  <testcase name="testGetBalanceOfaZeroBalanceAccount" classname="org.aion.AIP041TokenContractTest" time="0.341"/>
  <testcase name="testAuthorizeOperatorTokenHolderItselfWithoutAuthorizing" classname="org.aion.AIP041TokenContractTest" time="0.229"/>
  <testcase name="testSendaValidTransaction" classname="org.aion.AIP041TokenContractTest" time="0.234"/>
  <testcase name="testSendToNullAddress" classname="org.aion.AIP041TokenContractTest" time="0.208"/>
  <testcase name="testAuthorizeOperatorWithaNonExistingOperator" classname="org.aion.AIP041TokenContractTest" time="0.229"/>
  <testcase name="testAuthorizeOperatorTokenHolderItselfAfterAuthorizing" classname="org.aion.AIP041TokenContractTest" time="0.148"/>
  <testcase name="testRevokeOperatorThatWasAnOperator" classname="org.aion.AIP041TokenContractTest" time="0.219"/>
  <testcase name="testBurnWithoutEnoughBalance" classname="org.aion.AIP041TokenContractTest" time="0.168"/>
  <testcase name="testOperatorBurnIsNotOperator" classname="org.aion.AIP041TokenContractTest" time="0.152"/>
  <testcase name="testOperatorSendWithZeroTokenHolderAddress" classname="org.aion.AIP041TokenContractTest" time="0.145"/>
  <testcase name="testSendDisobeyGranularity" classname="org.aion.AIP041TokenContractTest" time="0.162"/>
  <testcase name="testInitializeBalanceToDeployer" classname="org.aion.AIP041TokenContractTest" time="0.153"/>
  <testcase name="testRevokeOperatorTokenHolderItself" classname="org.aion.AIP041TokenContractTest" time="0.134"/>
  <testcase name="testAuthorizeOperatorAnZeroAddress" classname="org.aion.AIP041TokenContractTest" time="0.167"/>
  <testcase name="testIsOperatorForTokenHolderItself" classname="org.aion.AIP041TokenContractTest" time="0.131"/>
  <testcase name="testSendanInvalidTransaction" classname="org.aion.AIP041TokenContractTest" time="0.171"/>
  <testcase name="testSendToZeroAddress" classname="org.aion.AIP041TokenContractTest" time="0.139"/>
  <testcase name="testAuthorizeOperatorWithAnExistingOperator" classname="org.aion.AIP041TokenContractTest" time="0.154"/>
  <testcase name="testInitialization" classname="org.aion.AIP041TokenContractTest" time="0.133"/>
  <testcase name="testOperatorSend" classname="org.aion.AIP041TokenContractTest" time="0.128"/>
  <testcase name="testIsOperatorForWhenIsNotOperator" classname="org.aion.AIP041TokenContractTest" time="0.145"/>
  <testcase name="testAuthorizeOperatorNullAddress" classname="org.aion.AIP041TokenContractTest" time="0.132"/>
  <testcase name="testRevokeOperatorThatWasNotAnOperator" classname="org.aion.AIP041TokenContractTest" time="0.14"/>
  <testcase name="testSendaNegativeTransaction" classname="org.aion.AIP041TokenContractTest" time="0.13"/>
  <testcase name="testOperatorBurnWithZeroTokenHolderAddress" classname="org.aion.AIP041TokenContractTest" time="0.182"/>
  <testcase name="testOperatorSendWhenIsNotOperator" classname="org.aion.AIP041TokenContractTest" time="0.108"/>
  <testcase name="testBurnExceedEnoughBalance" classname="org.aion.AIP041TokenContractTest" time="0.128"/>
  <testcase name="testBurnEnoughBalance" classname="org.aion.AIP041TokenContractTest" time="0.103"/>
</testsuite>