<?xml version="1.0" encoding="UTF-8"?>
<testsuite xmlns:xsi="http://www.w3.org/2001/XMLSchema-instance" xsi:noNamespaceSchemaLocation="https://maven.apache.org/surefire/maven-surefire-plugin/xsd/surefire-test-report-3.0.xsd" version="3.0" name="org.aion.ATSTokenContractTest" time="7.339" tests="29" errors="0" skipped="0" failures="0">
  <properties>
[...]
</properties>
  <testcase name="testBurnWrongGranularity" classname="org.aion.ATSTokenContractTest" time="1.423"/>
  <testcase name="testGetBalanceOfaZeroBalanceAccount" classname="org.aion.ATSTokenContractTest" time="0.34"/>
  <testcase name="testAuthorizeOperatorTokenHolderItselfWithoutAuthorizing" classname="org.aion.ATSTokenContractTest" time="0.25"/>
  <testcase name="testSendaValidTransaction" classname="org.aion.ATSTokenContractTest" time="0.3"/>
  <testcase name="testSendToNullAddress" classname="org.aion.ATSTokenContractTest" time="0.266"/>
  <testcase name="testAuthorizeOperatorWithaNonExistingOperator" classname="org.aion.ATSTokenContractTest" time="0.277"/>
  <testcase name="testAuthorizeOperatorTokenHolderItselfAfterAuthorizing" classname="org.aion.ATSTokenContractTest" time="0.305"/>
  <testcase name="testRevokeOperatorThatWasAnOperator" classname="org.aion.ATSTokenContractTest" time="0.581"/>
  <testcase name="testBurnWithoutEnoughBalance" classname="org.aion.ATSTokenContractTest" time="0.431"/>
  <testcase name="testOperatorBurnIsNotOperator" classname="org.aion.ATSTokenContractTest" time="0.206"/>
  <testcase name="testOperatorSendWithZeroTokenHolderAddress" classname="org.aion.ATSTokenContractTest" time="0.231"/>
  <testcase name="testSendDisobeyGranularity" classname="org.aion.ATSTokenContractTest" time="0.181"/>
  <testcase name="testInitializeBalanceToDeployer" classname="org.aion.ATSTokenContractTest" time="0.206"/>
  <testcase name="testRevokeOperatorTokenHolderItself" classname="org.aion.ATSTokenContractTest" time="0.138"/>
  <testcase name="testAuthorizeOperatorAnZeroAddress" classname="org.aion.ATSTokenContractTest" time="0.189"/>
  <testcase name="testIsOperatorForTokenHolderItself" classname="org.aion.ATSTokenContractTest" time="0.151"/>
  <testcase name="testSendanInvalidTransaction" classname="org.aion.ATSTokenContractTest" time="0.16"/>
  <testcase name="testSendToZeroAddress" classname="org.aion.ATSTokenContractTest" time="0.157"/>
  <testcase name="testAuthorizeOperatorWithAnExistingOperator" classname="org.aion.ATSTokenContractTest" time="0.173"/>
  <testcase name="testInitialization" classname="org.aion.ATSTokenContractTest" time="0.139"/>
  <testcase name="testOperatorSend" classname="org.aion.ATSTokenContractTest" time="0.153"/>
  <testcase name="testIsOperatorForWhenIsNotOperator" classname="org.aion.ATSTokenContractTest" time="0.167"/>
  <testcase name="testAuthorizeOperatorNullAddress" classname="org.aion.ATSTokenContractTest" time="0.108"/>
  <testcase name="testRevokeOperatorThatWasNotAnOperator" classname="org.aion.ATSTokenContractTest" time="0.117"/>
  <testcase name="testSendaNegativeTransaction" classname="org.aion.ATSTokenContractTest" time="0.11"/>
  <testcase name="testOperatorBurnWithZeroTokenHolderAddress" classname="org.aion.ATSTokenContractTest" time="0.111"/>
  <testcase name="testOperatorSendWhenIsNotOperator" classname="org.aion.ATSTokenContractTest" time="0.175"/>
  <testcase name="testBurnExceedEnoughBalance" classname="org.aion.ATSTokenContractTest" time="0.124"/>
  <testcase name="testBurnEnoughBalance" classname="org.aion.ATSTokenContractTest" time="0.128"/>
</testsuite>